DEBUG:rasa.nlu.training_data.loading:Training data format of './data/nlu.md' is 'md'.
DEBUG:matplotlib:CACHEDIR=/Users/eric/.matplotlib
DEBUG:matplotlib.font_manager:Using fontManager instance from /Users/eric/.matplotlib/fontlist-v310.json
INFO:numexpr.utils:NumExpr defaulting to 8 threads.
WARNING:tensorflow:
The TensorFlow contrib module will not be included in TensorFlow 2.0.
For more information, please see:
  * https://github.com/tensorflow/community/blob/master/rfcs/20180907-contrib-sunset.md
  * https://github.com/tensorflow/addons
  * https://github.com/tensorflow/io (for I/O related ops)
If you depend on functionality not listed there, please file an issue.

WARNING:tensorflow:From /Users/eric/anaconda3/envs/capstone/lib/python3.6/site-packages/tensor2tensor/utils/adafactor.py:27: The name tf.train.Optimizer is deprecated. Please use tf.compat.v1.train.Optimizer instead.

WARNING:tensorflow:From /Users/eric/anaconda3/envs/capstone/lib/python3.6/site-packages/tensor2tensor/utils/multistep_optimizer.py:32: The name tf.train.AdamOptimizer is deprecated. Please use tf.compat.v1.train.AdamOptimizer instead.

WARNING:tensorflow:Failed to load tensor2tensor
WARNING:tensorflow:From /Users/eric/anaconda3/envs/capstone/lib/python3.6/site-packages/tensor2tensor/models/research/glow_init_hook.py:25: The name tf.train.SessionRunHook is deprecated. Please use tf.estimator.SessionRunHook instead.

WARNING:tensorflow:From /Users/eric/anaconda3/envs/capstone/lib/python3.6/site-packages/tensor2tensor/models/research/neural_stack.py:51: The name tf.nn.rnn_cell.RNNCell is deprecated. Please use tf.compat.v1.nn.rnn_cell.RNNCell instead.

INFO:absl:Entry Point [tensor2tensor.envs.tic_tac_toe_env:TicTacToeEnv] registered with id [T2TEnv-TicTacToeEnv-v0]
WARNING:tensorflow:From /Users/eric/anaconda3/envs/capstone/lib/python3.6/site-packages/tensor2tensor/utils/trainer_lib.py:111: The name tf.OptimizerOptions is deprecated. Please use tf.compat.v1.OptimizerOptions instead.

WARNING:tensorflow:From /Users/eric/anaconda3/envs/capstone/lib/python3.6/site-packages/tensorflow_gan/python/contrib_utils.py:305: The name tf.estimator.tpu.TPUEstimator is deprecated. Please use tf.compat.v1.estimator.tpu.TPUEstimator instead.

WARNING:tensorflow:From /Users/eric/anaconda3/envs/capstone/lib/python3.6/site-packages/tensorflow_gan/python/contrib_utils.py:310: The name tf.estimator.tpu.TPUEstimatorSpec is deprecated. Please use tf.compat.v1.estimator.tpu.TPUEstimatorSpec instead.

DEBUG:rasa.nlu.training_data.training_data:Validating training data...
INFO:rasa_nlu.model:Starting to train component WhitespaceTokenizer
INFO:rasa_nlu.model:Finished training component.
INFO:rasa_nlu.model:Starting to train component RegexFeaturizer
INFO:rasa_nlu.model:Finished training component.
INFO:rasa_nlu.model:Starting to train component CRFEntityExtractor
INFO:rasa_nlu.model:Finished training component.
INFO:rasa_nlu.model:Starting to train component EntitySynonymMapper
INFO:rasa_nlu.model:Finished training component.
INFO:rasa_nlu.model:Starting to train component CountVectorsFeaturizer
DEBUG:rasa.nlu.featurizers.count_vectors_featurizer:No text provided for response attribute in any messages of training data. Skipping training a CountVectorizer for it.
INFO:rasa_nlu.model:Finished training component.
INFO:rasa_nlu.model:Starting to train component CountVectorsFeaturizer
DEBUG:rasa.nlu.featurizers.count_vectors_featurizer:No text provided for response attribute in any messages of training data. Skipping training a CountVectorizer for it.
INFO:rasa_nlu.model:Finished training component.
INFO:rasa_nlu.model:Starting to train component EmbeddingIntentClassifier
DEBUG:rasa.nlu.classifiers.embedding_intent_classifier:Started training embedding classifier.
DEBUG:rasa.nlu.classifiers.embedding_intent_classifier:Check if num_neg 20 is smaller than number of label_ids 8, else set num_neg to the number of label_ids - 1
WARNING:tensorflow:From /Users/eric/anaconda3/envs/capstone/lib/python3.6/site-packages/rasa/nlu/classifiers/embedding_intent_classifier.py:540: The name tf.set_random_seed is deprecated. Please use tf.compat.v1.set_random_seed instead.

WARNING:tensorflow:From /Users/eric/anaconda3/envs/capstone/lib/python3.6/site-packages/rasa/nlu/classifiers/embedding_intent_classifier.py:543: The name tf.placeholder is deprecated. Please use tf.compat.v1.placeholder instead.

WARNING:tensorflow:From /Users/eric/anaconda3/envs/capstone/lib/python3.6/site-packages/tensorflow/python/data/ops/dataset_ops.py:494: py_func (from tensorflow.python.ops.script_ops) is deprecated and will be removed in a future version.
Instructions for updating:
tf.py_func is deprecated in TF V2. Instead, there are two
    options available in V2.
    - tf.py_function takes a python function which manipulates tf eager
    tensors instead of numpy arrays. It's easy to convert a tf eager tensor to
    an ndarray (just call tensor.numpy()) but having access to eager tensors
    means `tf.py_function`s can use accelerators such as GPUs as well as
    being differentiable using a gradient tape.
    - tf.numpy_function maintains the semantics of the deprecated tf.py_func
    (it is not differentiable, and manipulates numpy arrays). It drops the
    stateful argument making all functions stateful.
    
WARNING:tensorflow:From /Users/eric/anaconda3/envs/capstone/lib/python3.6/site-packages/rasa/utils/train_utils.py:257: The name tf.data.Iterator is deprecated. Please use tf.compat.v1.data.Iterator instead.

WARNING:tensorflow:From /Users/eric/anaconda3/envs/capstone/lib/python3.6/site-packages/rasa/utils/train_utils.py:258: DatasetV1.output_types (from tensorflow.python.data.ops.dataset_ops) is deprecated and will be removed in a future version.
Instructions for updating:
Use `tf.compat.v1.data.get_output_types(dataset)`.
WARNING:tensorflow:From /Users/eric/anaconda3/envs/capstone/lib/python3.6/site-packages/rasa/utils/train_utils.py:259: DatasetV1.output_shapes (from tensorflow.python.data.ops.dataset_ops) is deprecated and will be removed in a future version.
Instructions for updating:
Use `tf.compat.v1.data.get_output_shapes(dataset)`.
WARNING:tensorflow:From /Users/eric/anaconda3/envs/capstone/lib/python3.6/site-packages/rasa/utils/train_utils.py:260: DatasetV1.output_classes (from tensorflow.python.data.ops.dataset_ops) is deprecated and will be removed in a future version.
Instructions for updating:
Use `tf.compat.v1.data.get_output_classes(dataset)`.
WARNING:tensorflow:From /Users/eric/anaconda3/envs/capstone/lib/python3.6/site-packages/tensorflow/python/data/ops/iterator_ops.py:348: Iterator.output_types (from tensorflow.python.data.ops.iterator_ops) is deprecated and will be removed in a future version.
Instructions for updating:
Use `tf.compat.v1.data.get_output_types(iterator)`.
WARNING:tensorflow:From /Users/eric/anaconda3/envs/capstone/lib/python3.6/site-packages/tensorflow/python/data/ops/iterator_ops.py:349: Iterator.output_shapes (from tensorflow.python.data.ops.iterator_ops) is deprecated and will be removed in a future version.
Instructions for updating:
Use `tf.compat.v1.data.get_output_shapes(iterator)`.
WARNING:tensorflow:From /Users/eric/anaconda3/envs/capstone/lib/python3.6/site-packages/tensorflow/python/data/ops/iterator_ops.py:351: Iterator.output_classes (from tensorflow.python.data.ops.iterator_ops) is deprecated and will be removed in a future version.
Instructions for updating:
Use `tf.compat.v1.data.get_output_classes(iterator)`.
WARNING:tensorflow:From /Users/eric/anaconda3/envs/capstone/lib/python3.6/site-packages/rasa/nlu/classifiers/embedding_intent_classifier.py:553: The name tf.placeholder_with_default is deprecated. Please use tf.compat.v1.placeholder_with_default instead.

WARNING:tensorflow:From /Users/eric/anaconda3/envs/capstone/lib/python3.6/site-packages/rasa/utils/train_utils.py:300: The name tf.AUTO_REUSE is deprecated. Please use tf.compat.v1.AUTO_REUSE instead.

WARNING:tensorflow:From /Users/eric/anaconda3/envs/capstone/lib/python3.6/site-packages/rasa/utils/train_utils.py:300: dense (from tensorflow.python.layers.core) is deprecated and will be removed in a future version.
Instructions for updating:
Use keras.layers.dense instead.
WARNING:tensorflow:From /Users/eric/anaconda3/envs/capstone/lib/python3.6/site-packages/tensorflow/python/ops/init_ops.py:1251: calling VarianceScaling.__init__ (from tensorflow.python.ops.init_ops) with dtype is deprecated and will be removed in a future version.
Instructions for updating:
Call initializer instance with the dtype argument instead of passing it to the constructor
WARNING:tensorflow:From /Users/eric/anaconda3/envs/capstone/lib/python3.6/site-packages/rasa/utils/train_utils.py:302: dropout (from tensorflow.python.layers.core) is deprecated and will be removed in a future version.
Instructions for updating:
Use keras.layers.dropout instead.
WARNING:tensorflow:From /Users/eric/anaconda3/envs/capstone/lib/python3.6/site-packages/tensorflow/python/util/dispatch.py:180: batch_gather (from tensorflow.python.ops.array_ops) is deprecated and will be removed after 2017-10-25.
Instructions for updating:
`tf.batch_gather` is deprecated, please use `tf.gather` with `batch_dims` instead.
WARNING:tensorflow:From /Users/eric/anaconda3/envs/capstone/lib/python3.6/site-packages/rasa/utils/train_utils.py:680: The name tf.losses.softmax_cross_entropy is deprecated. Please use tf.compat.v1.losses.softmax_cross_entropy instead.

WARNING:tensorflow:From /Users/eric/anaconda3/envs/capstone/lib/python3.6/site-packages/tensorflow/python/ops/losses/losses_impl.py:121: add_dispatch_support.<locals>.wrapper (from tensorflow.python.ops.array_ops) is deprecated and will be removed in a future version.
Instructions for updating:
Use tf.where in 2.0, which has the same broadcast rule as np.where
WARNING:tensorflow:From /Users/eric/anaconda3/envs/capstone/lib/python3.6/site-packages/rasa/utils/train_utils.py:682: The name tf.losses.get_regularization_loss is deprecated. Please use tf.compat.v1.losses.get_regularization_loss instead.

INFO:rasa.utils.train_utils:Finished training embedding policy, train loss=0.466, train accuracy=1.000
INFO:rasa_nlu.model:Finished training component.
DEBUG:rasa.nlu.training_data.loading:Training data format of './data/nlu.md' is 'md'.
DEBUG:matplotlib:CACHEDIR=/Users/eric/.matplotlib
DEBUG:matplotlib.font_manager:Using fontManager instance from /Users/eric/.matplotlib/fontlist-v310.json
INFO:numexpr.utils:NumExpr defaulting to 8 threads.
WARNING:tensorflow:
The TensorFlow contrib module will not be included in TensorFlow 2.0.
For more information, please see:
  * https://github.com/tensorflow/community/blob/master/rfcs/20180907-contrib-sunset.md
  * https://github.com/tensorflow/addons
  * https://github.com/tensorflow/io (for I/O related ops)
If you depend on functionality not listed there, please file an issue.

WARNING:tensorflow:From /Users/eric/anaconda3/envs/capstone/lib/python3.6/site-packages/tensor2tensor/utils/adafactor.py:27: The name tf.train.Optimizer is deprecated. Please use tf.compat.v1.train.Optimizer instead.

WARNING:tensorflow:From /Users/eric/anaconda3/envs/capstone/lib/python3.6/site-packages/tensor2tensor/utils/multistep_optimizer.py:32: The name tf.train.AdamOptimizer is deprecated. Please use tf.compat.v1.train.AdamOptimizer instead.

WARNING:tensorflow:Failed to load tensor2tensor
WARNING:tensorflow:From /Users/eric/anaconda3/envs/capstone/lib/python3.6/site-packages/tensor2tensor/models/research/glow_init_hook.py:25: The name tf.train.SessionRunHook is deprecated. Please use tf.estimator.SessionRunHook instead.

WARNING:tensorflow:From /Users/eric/anaconda3/envs/capstone/lib/python3.6/site-packages/tensor2tensor/models/research/neural_stack.py:51: The name tf.nn.rnn_cell.RNNCell is deprecated. Please use tf.compat.v1.nn.rnn_cell.RNNCell instead.

INFO:absl:Entry Point [tensor2tensor.envs.tic_tac_toe_env:TicTacToeEnv] registered with id [T2TEnv-TicTacToeEnv-v0]
WARNING:tensorflow:From /Users/eric/anaconda3/envs/capstone/lib/python3.6/site-packages/tensor2tensor/utils/trainer_lib.py:111: The name tf.OptimizerOptions is deprecated. Please use tf.compat.v1.OptimizerOptions instead.

WARNING:tensorflow:From /Users/eric/anaconda3/envs/capstone/lib/python3.6/site-packages/tensorflow_gan/python/contrib_utils.py:305: The name tf.estimator.tpu.TPUEstimator is deprecated. Please use tf.compat.v1.estimator.tpu.TPUEstimator instead.

WARNING:tensorflow:From /Users/eric/anaconda3/envs/capstone/lib/python3.6/site-packages/tensorflow_gan/python/contrib_utils.py:310: The name tf.estimator.tpu.TPUEstimatorSpec is deprecated. Please use tf.compat.v1.estimator.tpu.TPUEstimatorSpec instead.

DEBUG:rasa.nlu.training_data.training_data:Validating training data...
INFO:rasa_nlu.model:Starting to train component WhitespaceTokenizer
INFO:rasa_nlu.model:Finished training component.
INFO:rasa_nlu.model:Starting to train component RegexFeaturizer
INFO:rasa_nlu.model:Finished training component.
INFO:rasa_nlu.model:Starting to train component CRFEntityExtractor
INFO:rasa_nlu.model:Finished training component.
INFO:rasa_nlu.model:Starting to train component EntitySynonymMapper
INFO:rasa_nlu.model:Finished training component.
INFO:rasa_nlu.model:Starting to train component CountVectorsFeaturizer
DEBUG:rasa.nlu.featurizers.count_vectors_featurizer:No text provided for response attribute in any messages of training data. Skipping training a CountVectorizer for it.
INFO:rasa_nlu.model:Finished training component.
INFO:rasa_nlu.model:Starting to train component CountVectorsFeaturizer
DEBUG:rasa.nlu.featurizers.count_vectors_featurizer:No text provided for response attribute in any messages of training data. Skipping training a CountVectorizer for it.
INFO:rasa_nlu.model:Finished training component.
INFO:rasa_nlu.model:Starting to train component EmbeddingIntentClassifier
DEBUG:rasa.nlu.classifiers.embedding_intent_classifier:Started training embedding classifier.
DEBUG:rasa.nlu.classifiers.embedding_intent_classifier:Check if num_neg 20 is smaller than number of label_ids 8, else set num_neg to the number of label_ids - 1
WARNING:tensorflow:From /Users/eric/anaconda3/envs/capstone/lib/python3.6/site-packages/rasa/nlu/classifiers/embedding_intent_classifier.py:540: The name tf.set_random_seed is deprecated. Please use tf.compat.v1.set_random_seed instead.

WARNING:tensorflow:From /Users/eric/anaconda3/envs/capstone/lib/python3.6/site-packages/rasa/nlu/classifiers/embedding_intent_classifier.py:543: The name tf.placeholder is deprecated. Please use tf.compat.v1.placeholder instead.

WARNING:tensorflow:From /Users/eric/anaconda3/envs/capstone/lib/python3.6/site-packages/tensorflow/python/data/ops/dataset_ops.py:494: py_func (from tensorflow.python.ops.script_ops) is deprecated and will be removed in a future version.
Instructions for updating:
tf.py_func is deprecated in TF V2. Instead, there are two
    options available in V2.
    - tf.py_function takes a python function which manipulates tf eager
    tensors instead of numpy arrays. It's easy to convert a tf eager tensor to
    an ndarray (just call tensor.numpy()) but having access to eager tensors
    means `tf.py_function`s can use accelerators such as GPUs as well as
    being differentiable using a gradient tape.
    - tf.numpy_function maintains the semantics of the deprecated tf.py_func
    (it is not differentiable, and manipulates numpy arrays). It drops the
    stateful argument making all functions stateful.
    
WARNING:tensorflow:From /Users/eric/anaconda3/envs/capstone/lib/python3.6/site-packages/rasa/utils/train_utils.py:257: The name tf.data.Iterator is deprecated. Please use tf.compat.v1.data.Iterator instead.

WARNING:tensorflow:From /Users/eric/anaconda3/envs/capstone/lib/python3.6/site-packages/rasa/utils/train_utils.py:258: DatasetV1.output_types (from tensorflow.python.data.ops.dataset_ops) is deprecated and will be removed in a future version.
Instructions for updating:
Use `tf.compat.v1.data.get_output_types(dataset)`.
WARNING:tensorflow:From /Users/eric/anaconda3/envs/capstone/lib/python3.6/site-packages/rasa/utils/train_utils.py:259: DatasetV1.output_shapes (from tensorflow.python.data.ops.dataset_ops) is deprecated and will be removed in a future version.
Instructions for updating:
Use `tf.compat.v1.data.get_output_shapes(dataset)`.
WARNING:tensorflow:From /Users/eric/anaconda3/envs/capstone/lib/python3.6/site-packages/rasa/utils/train_utils.py:260: DatasetV1.output_classes (from tensorflow.python.data.ops.dataset_ops) is deprecated and will be removed in a future version.
Instructions for updating:
Use `tf.compat.v1.data.get_output_classes(dataset)`.
WARNING:tensorflow:From /Users/eric/anaconda3/envs/capstone/lib/python3.6/site-packages/tensorflow/python/data/ops/iterator_ops.py:348: Iterator.output_types (from tensorflow.python.data.ops.iterator_ops) is deprecated and will be removed in a future version.
Instructions for updating:
Use `tf.compat.v1.data.get_output_types(iterator)`.
WARNING:tensorflow:From /Users/eric/anaconda3/envs/capstone/lib/python3.6/site-packages/tensorflow/python/data/ops/iterator_ops.py:349: Iterator.output_shapes (from tensorflow.python.data.ops.iterator_ops) is deprecated and will be removed in a future version.
Instructions for updating:
Use `tf.compat.v1.data.get_output_shapes(iterator)`.
WARNING:tensorflow:From /Users/eric/anaconda3/envs/capstone/lib/python3.6/site-packages/tensorflow/python/data/ops/iterator_ops.py:351: Iterator.output_classes (from tensorflow.python.data.ops.iterator_ops) is deprecated and will be removed in a future version.
Instructions for updating:
Use `tf.compat.v1.data.get_output_classes(iterator)`.
WARNING:tensorflow:From /Users/eric/anaconda3/envs/capstone/lib/python3.6/site-packages/rasa/nlu/classifiers/embedding_intent_classifier.py:553: The name tf.placeholder_with_default is deprecated. Please use tf.compat.v1.placeholder_with_default instead.

WARNING:tensorflow:From /Users/eric/anaconda3/envs/capstone/lib/python3.6/site-packages/rasa/utils/train_utils.py:300: The name tf.AUTO_REUSE is deprecated. Please use tf.compat.v1.AUTO_REUSE instead.

WARNING:tensorflow:From /Users/eric/anaconda3/envs/capstone/lib/python3.6/site-packages/rasa/utils/train_utils.py:300: dense (from tensorflow.python.layers.core) is deprecated and will be removed in a future version.
Instructions for updating:
Use keras.layers.dense instead.
WARNING:tensorflow:From /Users/eric/anaconda3/envs/capstone/lib/python3.6/site-packages/tensorflow/python/ops/init_ops.py:1251: calling VarianceScaling.__init__ (from tensorflow.python.ops.init_ops) with dtype is deprecated and will be removed in a future version.
Instructions for updating:
Call initializer instance with the dtype argument instead of passing it to the constructor
WARNING:tensorflow:From /Users/eric/anaconda3/envs/capstone/lib/python3.6/site-packages/rasa/utils/train_utils.py:302: dropout (from tensorflow.python.layers.core) is deprecated and will be removed in a future version.
Instructions for updating:
Use keras.layers.dropout instead.
WARNING:tensorflow:From /Users/eric/anaconda3/envs/capstone/lib/python3.6/site-packages/tensorflow/python/util/dispatch.py:180: batch_gather (from tensorflow.python.ops.array_ops) is deprecated and will be removed after 2017-10-25.
Instructions for updating:
`tf.batch_gather` is deprecated, please use `tf.gather` with `batch_dims` instead.
WARNING:tensorflow:From /Users/eric/anaconda3/envs/capstone/lib/python3.6/site-packages/rasa/utils/train_utils.py:680: The name tf.losses.softmax_cross_entropy is deprecated. Please use tf.compat.v1.losses.softmax_cross_entropy instead.

WARNING:tensorflow:From /Users/eric/anaconda3/envs/capstone/lib/python3.6/site-packages/tensorflow/python/ops/losses/losses_impl.py:121: add_dispatch_support.<locals>.wrapper (from tensorflow.python.ops.array_ops) is deprecated and will be removed in a future version.
Instructions for updating:
Use tf.where in 2.0, which has the same broadcast rule as np.where
WARNING:tensorflow:From /Users/eric/anaconda3/envs/capstone/lib/python3.6/site-packages/rasa/utils/train_utils.py:682: The name tf.losses.get_regularization_loss is deprecated. Please use tf.compat.v1.losses.get_regularization_loss instead.

INFO:rasa.utils.train_utils:Finished training embedding policy, train loss=0.469, train accuracy=1.000
INFO:rasa_nlu.model:Finished training component.
WARNING:tensorflow:From /Users/eric/anaconda3/envs/capstone/lib/python3.6/site-packages/rasa/nlu/classifiers/embedding_intent_classifier.py:674: The name tf.train.Saver is deprecated. Please use tf.compat.v1.train.Saver instead.

INFO:rasa_nlu.model:Successfully saved model into '/Users/eric/Fourth Year/CSC494/mama_sara/models/nlu'
WARNING:tensorflow:From /Users/eric/anaconda3/envs/capstone/lib/python3.6/site-packages/rasa/nlu/classifiers/embedding_intent_classifier.py:707: The name tf.train.import_meta_graph is deprecated. Please use tf.compat.v1.train.import_meta_graph instead.

WARNING:tensorflow:From /Users/eric/anaconda3/envs/capstone/lib/python3.6/site-packages/tensorflow/python/training/saver.py:1276: checkpoint_exists (from tensorflow.python.training.checkpoint_management) is deprecated and will be removed in a future version.
Instructions for updating:
Use standard file APIs to check for files with this prefix.
INFO:tensorflow:Restoring parameters from /Users/eric/Fourth Year/CSC494/mama_sara/models/nlu/component_6_EmbeddingIntentClassifier.ckpt
DEBUG:rasa.nlu.training_data.loading:Training data format of './data/nlu.md' is 'md'.
INFO:rasa_nlu.test:Running model for predictions:
INFO:rasa_nlu.test:Intent evaluation results:
INFO:rasa_nlu.test:Intent Evaluation: Only considering those 46 examples that have a defined intent out of 46 examples
INFO:rasa_nlu.test:F1-Score:  1.0
INFO:rasa_nlu.test:Precision: 1.0
INFO:rasa_nlu.test:Accuracy:  1.0
INFO:rasa_nlu.test:Classification report: 
                       precision    recall  f1-score   support

           mood_great       1.00      1.00      1.00         8
         mood_unhappy       1.00      1.00      1.00        10
                greet       1.00      1.00      1.00         6
                 deny       1.00      1.00      1.00         6
               affirm       1.00      1.00      1.00         5
nutrition_information       1.00      1.00      1.00         3
              goodbye       1.00      1.00      1.00         4
        bot_challenge       1.00      1.00      1.00         4

            micro avg       1.00      1.00      1.00        46
            macro avg       1.00      1.00      1.00        46
         weighted avg       1.00      1.00      1.00        46

INFO:rasa_nlu.test:Entity evaluation results:
INFO:rasa_nlu.test:Evaluation for entity extractor: CRFEntityExtractor 
WARNING:rasa_nlu.test:No labels to evaluate. Skip evaluation.
INFO:tensorflow:Restoring parameters from ./models/current/nlu/component_6_EmbeddingIntentClassifier.ckpt
DEBUG:rasa.nlu.training_data.loading:Training data format of './data/nlu.md' is 'md'.
DEBUG:matplotlib:CACHEDIR=/Users/eric/.matplotlib
DEBUG:matplotlib.font_manager:Using fontManager instance from /Users/eric/.matplotlib/fontlist-v310.json
INFO:numexpr.utils:NumExpr defaulting to 8 threads.
WARNING:tensorflow:
The TensorFlow contrib module will not be included in TensorFlow 2.0.
For more information, please see:
  * https://github.com/tensorflow/community/blob/master/rfcs/20180907-contrib-sunset.md
  * https://github.com/tensorflow/addons
  * https://github.com/tensorflow/io (for I/O related ops)
If you depend on functionality not listed there, please file an issue.

WARNING:tensorflow:From /Users/eric/anaconda3/envs/capstone/lib/python3.6/site-packages/tensor2tensor/utils/adafactor.py:27: The name tf.train.Optimizer is deprecated. Please use tf.compat.v1.train.Optimizer instead.

WARNING:tensorflow:From /Users/eric/anaconda3/envs/capstone/lib/python3.6/site-packages/tensor2tensor/utils/multistep_optimizer.py:32: The name tf.train.AdamOptimizer is deprecated. Please use tf.compat.v1.train.AdamOptimizer instead.

WARNING:tensorflow:Failed to load tensor2tensor
WARNING:tensorflow:From /Users/eric/anaconda3/envs/capstone/lib/python3.6/site-packages/tensor2tensor/models/research/glow_init_hook.py:25: The name tf.train.SessionRunHook is deprecated. Please use tf.estimator.SessionRunHook instead.

WARNING:tensorflow:From /Users/eric/anaconda3/envs/capstone/lib/python3.6/site-packages/tensor2tensor/models/research/neural_stack.py:51: The name tf.nn.rnn_cell.RNNCell is deprecated. Please use tf.compat.v1.nn.rnn_cell.RNNCell instead.

INFO:absl:Entry Point [tensor2tensor.envs.tic_tac_toe_env:TicTacToeEnv] registered with id [T2TEnv-TicTacToeEnv-v0]
WARNING:tensorflow:From /Users/eric/anaconda3/envs/capstone/lib/python3.6/site-packages/tensor2tensor/utils/trainer_lib.py:111: The name tf.OptimizerOptions is deprecated. Please use tf.compat.v1.OptimizerOptions instead.

WARNING:tensorflow:From /Users/eric/anaconda3/envs/capstone/lib/python3.6/site-packages/tensorflow_gan/python/contrib_utils.py:305: The name tf.estimator.tpu.TPUEstimator is deprecated. Please use tf.compat.v1.estimator.tpu.TPUEstimator instead.

WARNING:tensorflow:From /Users/eric/anaconda3/envs/capstone/lib/python3.6/site-packages/tensorflow_gan/python/contrib_utils.py:310: The name tf.estimator.tpu.TPUEstimatorSpec is deprecated. Please use tf.compat.v1.estimator.tpu.TPUEstimatorSpec instead.

DEBUG:rasa.nlu.training_data.training_data:Validating training data...
INFO:rasa.nlu.model:Starting to train component WhitespaceTokenizer
INFO:rasa.nlu.model:Finished training component.
INFO:rasa.nlu.model:Starting to train component RegexFeaturizer
INFO:rasa.nlu.model:Finished training component.
INFO:rasa.nlu.model:Starting to train component CRFEntityExtractor
INFO:rasa.nlu.model:Finished training component.
INFO:rasa.nlu.model:Starting to train component EntitySynonymMapper
INFO:rasa.nlu.model:Finished training component.
INFO:rasa.nlu.model:Starting to train component CountVectorsFeaturizer
DEBUG:rasa.nlu.featurizers.count_vectors_featurizer:No text provided for response attribute in any messages of training data. Skipping training a CountVectorizer for it.
INFO:rasa.nlu.model:Finished training component.
INFO:rasa.nlu.model:Starting to train component CountVectorsFeaturizer
DEBUG:rasa.nlu.featurizers.count_vectors_featurizer:No text provided for response attribute in any messages of training data. Skipping training a CountVectorizer for it.
INFO:rasa.nlu.model:Finished training component.
INFO:rasa.nlu.model:Starting to train component EmbeddingIntentClassifier
DEBUG:rasa.nlu.classifiers.embedding_intent_classifier:Started training embedding classifier.
DEBUG:rasa.nlu.classifiers.embedding_intent_classifier:Check if num_neg 20 is smaller than number of label_ids 8, else set num_neg to the number of label_ids - 1
WARNING:tensorflow:From /Users/eric/anaconda3/envs/capstone/lib/python3.6/site-packages/rasa/nlu/classifiers/embedding_intent_classifier.py:540: The name tf.set_random_seed is deprecated. Please use tf.compat.v1.set_random_seed instead.

WARNING:tensorflow:From /Users/eric/anaconda3/envs/capstone/lib/python3.6/site-packages/rasa/nlu/classifiers/embedding_intent_classifier.py:543: The name tf.placeholder is deprecated. Please use tf.compat.v1.placeholder instead.

WARNING:tensorflow:From /Users/eric/anaconda3/envs/capstone/lib/python3.6/site-packages/tensorflow/python/data/ops/dataset_ops.py:494: py_func (from tensorflow.python.ops.script_ops) is deprecated and will be removed in a future version.
Instructions for updating:
tf.py_func is deprecated in TF V2. Instead, there are two
    options available in V2.
    - tf.py_function takes a python function which manipulates tf eager
    tensors instead of numpy arrays. It's easy to convert a tf eager tensor to
    an ndarray (just call tensor.numpy()) but having access to eager tensors
    means `tf.py_function`s can use accelerators such as GPUs as well as
    being differentiable using a gradient tape.
    - tf.numpy_function maintains the semantics of the deprecated tf.py_func
    (it is not differentiable, and manipulates numpy arrays). It drops the
    stateful argument making all functions stateful.
    
WARNING:tensorflow:From /Users/eric/anaconda3/envs/capstone/lib/python3.6/site-packages/rasa/utils/train_utils.py:257: The name tf.data.Iterator is deprecated. Please use tf.compat.v1.data.Iterator instead.

WARNING:tensorflow:From /Users/eric/anaconda3/envs/capstone/lib/python3.6/site-packages/rasa/utils/train_utils.py:258: DatasetV1.output_types (from tensorflow.python.data.ops.dataset_ops) is deprecated and will be removed in a future version.
Instructions for updating:
Use `tf.compat.v1.data.get_output_types(dataset)`.
WARNING:tensorflow:From /Users/eric/anaconda3/envs/capstone/lib/python3.6/site-packages/rasa/utils/train_utils.py:259: DatasetV1.output_shapes (from tensorflow.python.data.ops.dataset_ops) is deprecated and will be removed in a future version.
Instructions for updating:
Use `tf.compat.v1.data.get_output_shapes(dataset)`.
WARNING:tensorflow:From /Users/eric/anaconda3/envs/capstone/lib/python3.6/site-packages/rasa/utils/train_utils.py:260: DatasetV1.output_classes (from tensorflow.python.data.ops.dataset_ops) is deprecated and will be removed in a future version.
Instructions for updating:
Use `tf.compat.v1.data.get_output_classes(dataset)`.
WARNING:tensorflow:From /Users/eric/anaconda3/envs/capstone/lib/python3.6/site-packages/tensorflow/python/data/ops/iterator_ops.py:348: Iterator.output_types (from tensorflow.python.data.ops.iterator_ops) is deprecated and will be removed in a future version.
Instructions for updating:
Use `tf.compat.v1.data.get_output_types(iterator)`.
WARNING:tensorflow:From /Users/eric/anaconda3/envs/capstone/lib/python3.6/site-packages/tensorflow/python/data/ops/iterator_ops.py:349: Iterator.output_shapes (from tensorflow.python.data.ops.iterator_ops) is deprecated and will be removed in a future version.
Instructions for updating:
Use `tf.compat.v1.data.get_output_shapes(iterator)`.
WARNING:tensorflow:From /Users/eric/anaconda3/envs/capstone/lib/python3.6/site-packages/tensorflow/python/data/ops/iterator_ops.py:351: Iterator.output_classes (from tensorflow.python.data.ops.iterator_ops) is deprecated and will be removed in a future version.
Instructions for updating:
Use `tf.compat.v1.data.get_output_classes(iterator)`.
WARNING:tensorflow:From /Users/eric/anaconda3/envs/capstone/lib/python3.6/site-packages/rasa/nlu/classifiers/embedding_intent_classifier.py:553: The name tf.placeholder_with_default is deprecated. Please use tf.compat.v1.placeholder_with_default instead.

WARNING:tensorflow:From /Users/eric/anaconda3/envs/capstone/lib/python3.6/site-packages/rasa/utils/train_utils.py:300: The name tf.AUTO_REUSE is deprecated. Please use tf.compat.v1.AUTO_REUSE instead.

WARNING:tensorflow:From /Users/eric/anaconda3/envs/capstone/lib/python3.6/site-packages/rasa/utils/train_utils.py:300: dense (from tensorflow.python.layers.core) is deprecated and will be removed in a future version.
Instructions for updating:
Use keras.layers.dense instead.
WARNING:tensorflow:From /Users/eric/anaconda3/envs/capstone/lib/python3.6/site-packages/tensorflow/python/ops/init_ops.py:1251: calling VarianceScaling.__init__ (from tensorflow.python.ops.init_ops) with dtype is deprecated and will be removed in a future version.
Instructions for updating:
Call initializer instance with the dtype argument instead of passing it to the constructor
WARNING:tensorflow:From /Users/eric/anaconda3/envs/capstone/lib/python3.6/site-packages/rasa/utils/train_utils.py:302: dropout (from tensorflow.python.layers.core) is deprecated and will be removed in a future version.
Instructions for updating:
Use keras.layers.dropout instead.
WARNING:tensorflow:From /Users/eric/anaconda3/envs/capstone/lib/python3.6/site-packages/tensorflow/python/util/dispatch.py:180: batch_gather (from tensorflow.python.ops.array_ops) is deprecated and will be removed after 2017-10-25.
Instructions for updating:
`tf.batch_gather` is deprecated, please use `tf.gather` with `batch_dims` instead.
WARNING:tensorflow:From /Users/eric/anaconda3/envs/capstone/lib/python3.6/site-packages/rasa/utils/train_utils.py:680: The name tf.losses.softmax_cross_entropy is deprecated. Please use tf.compat.v1.losses.softmax_cross_entropy instead.

WARNING:tensorflow:From /Users/eric/anaconda3/envs/capstone/lib/python3.6/site-packages/tensorflow/python/ops/losses/losses_impl.py:121: add_dispatch_support.<locals>.wrapper (from tensorflow.python.ops.array_ops) is deprecated and will be removed in a future version.
Instructions for updating:
Use tf.where in 2.0, which has the same broadcast rule as np.where
WARNING:tensorflow:From /Users/eric/anaconda3/envs/capstone/lib/python3.6/site-packages/rasa/utils/train_utils.py:682: The name tf.losses.get_regularization_loss is deprecated. Please use tf.compat.v1.losses.get_regularization_loss instead.

INFO:rasa.utils.train_utils:Finished training embedding policy, train loss=0.463, train accuracy=1.000
INFO:rasa.nlu.model:Finished training component.
WARNING:tensorflow:From /Users/eric/anaconda3/envs/capstone/lib/python3.6/site-packages/rasa/nlu/classifiers/embedding_intent_classifier.py:674: The name tf.train.Saver is deprecated. Please use tf.compat.v1.train.Saver instead.

INFO:rasa.nlu.model:Successfully saved model into '/Users/eric/Fourth Year/CSC494/mama_sara/models/nlu'
WARNING:tensorflow:From /Users/eric/anaconda3/envs/capstone/lib/python3.6/site-packages/rasa/nlu/classifiers/embedding_intent_classifier.py:707: The name tf.train.import_meta_graph is deprecated. Please use tf.compat.v1.train.import_meta_graph instead.

WARNING:tensorflow:From /Users/eric/anaconda3/envs/capstone/lib/python3.6/site-packages/tensorflow/python/training/saver.py:1276: checkpoint_exists (from tensorflow.python.training.checkpoint_management) is deprecated and will be removed in a future version.
Instructions for updating:
Use standard file APIs to check for files with this prefix.
INFO:tensorflow:Restoring parameters from /Users/eric/Fourth Year/CSC494/mama_sara/models/nlu/component_6_EmbeddingIntentClassifier.ckpt
DEBUG:rasa.nlu.training_data.loading:Training data format of './data/nlu.md' is 'md'.
INFO:rasa.nlu.test:Running model for predictions:
INFO:rasa.nlu.test:Intent evaluation results:
INFO:rasa.nlu.test:Intent Evaluation: Only considering those 46 examples that have a defined intent out of 46 examples
INFO:rasa.nlu.test:F1-Score:  1.0
INFO:rasa.nlu.test:Precision: 1.0
INFO:rasa.nlu.test:Accuracy:  1.0
INFO:rasa.nlu.test:Classification report: 
                       precision    recall  f1-score   support

                greet       1.00      1.00      1.00         6
              goodbye       1.00      1.00      1.00         4
           mood_great       1.00      1.00      1.00         8
         mood_unhappy       1.00      1.00      1.00        10
nutrition_information       1.00      1.00      1.00         3
               affirm       1.00      1.00      1.00         5
                 deny       1.00      1.00      1.00         6
        bot_challenge       1.00      1.00      1.00         4

            micro avg       1.00      1.00      1.00        46
            macro avg       1.00      1.00      1.00        46
         weighted avg       1.00      1.00      1.00        46

INFO:rasa.nlu.test:Entity evaluation results:
INFO:rasa.nlu.test:Evaluation for entity extractor: CRFEntityExtractor 
WARNING:rasa.nlu.test:No labels to evaluate. Skip evaluation.
INFO:tensorflow:Restoring parameters from ./models/current/nlu/component_6_EmbeddingIntentClassifier.ckpt
